0 info it worked if it ends with ok
1 verbose cli [ '/usr/local/bin/node', '/usr/local/bin/npm', 'run', 'rdev' ]
2 info using npm@3.9.0
3 info using node@v6.1.0
4 verbose run-script [ 'prerdev', 'rdev', 'postrdev' ]
5 info lifecycle VHiZR@0.0.1~prerdev: VHiZR@0.0.1
6 silly lifecycle VHiZR@0.0.1~prerdev: no script for prerdev, continuing
7 info lifecycle VHiZR@0.0.1~rdev: VHiZR@0.0.1
8 verbose lifecycle VHiZR@0.0.1~rdev: unsafe-perm in lifecycle true
9 verbose lifecycle VHiZR@0.0.1~rdev: PATH: /usr/local/lib/node_modules/npm/bin/node-gyp-bin:/Users/sachin/sites/node/vhizr/node_modules/.bin:/usr/local/bin:/usr/local/mysql/bin:/usr/local/bin:/usr/bin:/bin:/usr/sbin:/sbin
10 verbose lifecycle VHiZR@0.0.1~rdev: CWD: /Users/sachin/sites/node/vhizr
11 silly lifecycle VHiZR@0.0.1~rdev: Args: [ '-c',
11 silly lifecycle   'hz serve --start_rethinkdb & webpack-dev-server --port 9090' ]
12 silly lifecycle VHiZR@0.0.1~rdev: Returned: code: 1  signal: null
13 info lifecycle VHiZR@0.0.1~rdev: Failed to exec rdev script
14 verbose stack Error: VHiZR@0.0.1 rdev: `hz serve --start_rethinkdb & webpack-dev-server --port 9090`
14 verbose stack Exit status 1
14 verbose stack     at EventEmitter.<anonymous> (/usr/local/lib/node_modules/npm/lib/utils/lifecycle.js:245:16)
14 verbose stack     at emitTwo (events.js:106:13)
14 verbose stack     at EventEmitter.emit (events.js:191:7)
14 verbose stack     at ChildProcess.<anonymous> (/usr/local/lib/node_modules/npm/lib/utils/spawn.js:24:14)
14 verbose stack     at emitTwo (events.js:106:13)
14 verbose stack     at ChildProcess.emit (events.js:191:7)
14 verbose stack     at maybeClose (internal/child_process.js:850:16)
14 verbose stack     at Process.ChildProcess._handle.onexit (internal/child_process.js:215:5)
15 verbose pkgid VHiZR@0.0.1
16 verbose cwd /Users/sachin/sites/node/vhizr
17 error Darwin 15.5.0
18 error argv "/usr/local/bin/node" "/usr/local/bin/npm" "run" "rdev"
19 error node v6.1.0
20 error npm  v3.9.0
21 error code ELIFECYCLE
22 error VHiZR@0.0.1 rdev: `hz serve --start_rethinkdb & webpack-dev-server --port 9090`
22 error Exit status 1
23 error Failed at the VHiZR@0.0.1 rdev script 'hz serve --start_rethinkdb & webpack-dev-server --port 9090'.
23 error Make sure you have the latest version of node.js and npm installed.
23 error If you do, this is most likely a problem with the VHiZR package,
23 error not with npm itself.
23 error Tell the author that this fails on your system:
23 error     hz serve --start_rethinkdb & webpack-dev-server --port 9090
23 error You can get information on how to open an issue for this project with:
23 error     npm bugs VHiZR
23 error Or if that isn't available, you can get their info via:
23 error     npm owner ls VHiZR
23 error There is likely additional logging output above.
24 verbose exit [ 1, true ]
